Mar 31, 2015 7:10:50 PM org.jnativehook.DefaultLibraryLocator getLibraries
INFO: Library extracted successfully: C:\Users\adv\AppData\Local\Temp\JNativeHook-2.0.0.dll (0xDA8364DEF6BFA9513493E6EF234BD95AF854C78E).


JNativeHook: Global keyboard and mouse hooking for Java.
Copyright (C) 2006-2015 Alexander Barker.  All Rights Received.
https://github.com/kwhat/jnativehook/

JNativeHook is free software: you can redistribute it and/or modify
it under the terms of the GNU Lesser General Public License as published
by the Free Software Foundation, either version 3 of the License, or
(at your option) any later version.

JNativeHook is distributed in the hope that it will be useful,
but WITHOUT ANY WARRANTY; without even the implied warranty of
MERCHANTABILITY or FITNESS FOR A PARTICULAR PURPOSE.  See the
GNU General Public License for more details.

You should have received a copy of the GNU Lesser General Public License
along with this program.  If not, see <http://www.gnu.org/licenses/>.

Mar 31, 2015 7:10:50 PM java.lang.ClassLoader$NativeLibrary load
INFO: hook_get_auto_repeat_rate [40]: SPI_GETKEYBOARDSPEED: 31.

Mar 31, 2015 7:10:50 PM java.lang.ClassLoader$NativeLibrary load
INFO: hook_get_auto_repeat_delay [54]: SPI_GETKEYBOARDDELAY: 1.

Mar 31, 2015 7:10:50 PM java.lang.ClassLoader$NativeLibrary load
INFO: hook_get_pointer_acceleration_multiplier [68]: SPI_GETMOUSE[2]: 1.

Mar 31, 2015 7:10:50 PM java.lang.ClassLoader$NativeLibrary load
INFO: hook_get_pointer_acceleration_threshold [82]: SPI_GETMOUSE[0]: 6.

Mar 31, 2015 7:10:50 PM java.lang.ClassLoader$NativeLibrary load
INFO: hook_get_pointer_acceleration_threshold [84]: SPI_GETMOUSE[1]: 10.

Mar 31, 2015 7:10:50 PM java.lang.ClassLoader$NativeLibrary load
INFO: hook_get_pointer_sensitivity [99]: SPI_GETMOUSESPEED: 20.

Mar 31, 2015 7:10:50 PM java.lang.ClassLoader$NativeLibrary load
INFO: hook_get_multi_click_time [113]: GetDoubleClickTime: 480.

Mar 31, 2015 7:10:50 PM org.jnativehook.GlobalScreen$NativeHookThread enable
INFO: get_event_timestamp [151]: Resynchronizing event clock. (1427837941335)

Mar 31, 2015 7:10:50 PM org.jnativehook.GlobalScreen$NativeHookThread enable
INFO: win_hook_event_proc [596]: Restarting Windows input hook on window event: 0X800C.

Mar 31, 2015 7:10:50 PM org.jnativehook.GlobalScreen$NativeHookThread enable
INFO: win_hook_event_proc [596]: Restarting Windows input hook on window event: 0X800C.

Mar 31, 2015 7:10:50 PM org.jnativehook.GlobalScreen$NativeHookThread enable
INFO: win_hook_event_proc [596]: Restarting Windows input hook on window event: 0X800C.

Mar 31, 2015 7:10:50 PM org.jnativehook.GlobalScreen$NativeHookThread enable
INFO: win_hook_event_proc [596]: Restarting Windows input hook on window event: 0X800C.

Mar 31, 2015 7:10:50 PM org.jnativehook.GlobalScreen$NativeHookThread enable
INFO: win_hook_event_proc [596]: Restarting Windows input hook on window event: 0X800C.

Mar 31, 2015 7:10:50 PM org.jnativehook.GlobalScreen$NativeHookThread enable
INFO: win_hook_event_proc [596]: Restarting Windows input hook on window event: 0X800C.

Mar 31, 2015 7:10:50 PM org.jnativehook.GlobalScreen$NativeHookThread enable
INFO: win_hook_event_proc [596]: Restarting Windows input hook on window event: 0X800C.

Mar 31, 2015 7:10:50 PM org.jnativehook.GlobalScreen$NativeHookThread enable
INFO: win_hook_event_proc [596]: Restarting Windows input hook on window event: 0X800C.

Mar 31, 2015 7:10:50 PM org.jnativehook.GlobalScreen$NativeHookThread enable
INFO: win_hook_event_proc [596]: Restarting Windows input hook on window event: 0X800C.

Mar 31, 2015 7:10:50 PM org.jnativehook.GlobalScreen$NativeHookThread enable
INFO: win_hook_event_proc [596]: Restarting Windows input hook on window event: 0X800C.

Mar 31, 2015 7:10:50 PM org.jnativehook.GlobalScreen$NativeHookThread enable
INFO: win_hook_event_proc [596]: Restarting Windows input hook on window event: 0X800C.

Mar 31, 2015 7:10:50 PM org.jnativehook.GlobalScreen$NativeHookThread enable
INFO: win_hook_event_proc [596]: Restarting Windows input hook on window event: 0X800C.

Mar 31, 2015 7:10:50 PM org.jnativehook.GlobalScreen$NativeHookThread enable
INFO: win_hook_event_proc [596]: Restarting Windows input hook on window event: 0X800C.

Mar 31, 2015 7:10:50 PM org.jnativehook.GlobalScreen$NativeHookThread enable
INFO: win_hook_event_proc [596]: Restarting Windows input hook on window event: 0X800C.

Mar 31, 2015 7:10:50 PM org.jnativehook.GlobalScreen$NativeHookThread enable
INFO: win_hook_event_proc [596]: Restarting Windows input hook on window event: 0X800C.

Mar 31, 2015 7:10:50 PM org.jnativehook.GlobalScreen$NativeHookThread enable
INFO: win_hook_event_proc [596]: Restarting Windows input hook on window event: 0X800C.

Mar 31, 2015 7:10:50 PM org.jnativehook.GlobalScreen$NativeHookThread enable
INFO: win_hook_event_proc [596]: Restarting Windows input hook on window event: 0X800C.

Mar 31, 2015 7:10:50 PM org.jnativehook.GlobalScreen$NativeHookThread enable
INFO: win_hook_event_proc [596]: Restarting Windows input hook on window event: 0X800C.

Mar 31, 2015 7:10:50 PM org.jnativehook.GlobalScreen$NativeHookThread enable
INFO: win_hook_event_proc [596]: Restarting Windows input hook on window event: 0X800C.

Mar 31, 2015 7:10:50 PM org.jnativehook.GlobalScreen$NativeHookThread enable
INFO: win_hook_event_proc [596]: Restarting Windows input hook on window event: 0X800C.

Mar 31, 2015 7:10:50 PM org.jnativehook.GlobalScreen$NativeHookThread enable
INFO: win_hook_event_proc [596]: Restarting Windows input hook on window event: 0X800C.

Mar 31, 2015 7:10:50 PM org.jnativehook.GlobalScreen$NativeHookThread enable
INFO: win_hook_event_proc [596]: Restarting Windows input hook on window event: 0X800C.

Mar 31, 2015 7:10:50 PM org.jnativehook.GlobalScreen$NativeHookThread enable
INFO: win_hook_event_proc [596]: Restarting Windows input hook on window event: 0X800C.

Mar 31, 2015 7:10:50 PM org.jnativehook.GlobalScreen$NativeHookThread enable
INFO: win_hook_event_proc [596]: Restarting Windows input hook on window event: 0X800C.

Mar 31, 2015 7:10:50 PM org.jnativehook.GlobalScreen$NativeHookThread enable
INFO: win_hook_event_proc [596]: Restarting Windows input hook on window event: 0X800C.

Mar 31, 2015 7:10:50 PM org.jnativehook.GlobalScreen$NativeHookThread enable
INFO: win_hook_event_proc [596]: Restarting Windows input hook on window event: 0X800C.

Mar 31, 2015 7:10:50 PM org.jnativehook.GlobalScreen$NativeHookThread enable
INFO: win_hook_event_proc [596]: Restarting Windows input hook on window event: 0X800C.

Mar 31, 2015 7:10:50 PM org.jnativehook.GlobalScreen$NativeHookThread enable
INFO: win_hook_event_proc [596]: Restarting Windows input hook on window event: 0X800C.

Mar 31, 2015 7:10:50 PM org.jnativehook.GlobalScreen$NativeHookThread enable
INFO: win_hook_event_proc [596]: Restarting Windows input hook on window event: 0X800C.

Mar 31, 2015 7:10:50 PM org.jnativehook.GlobalScreen$NativeHookThread enable
INFO: win_hook_event_proc [596]: Restarting Windows input hook on window event: 0X800C.

Mar 31, 2015 7:10:50 PM org.jnativehook.GlobalScreen$NativeHookThread enable
INFO: win_hook_event_proc [596]: Restarting Windows input hook on window event: 0X800C.

Mar 31, 2015 7:10:50 PM org.jnativehook.GlobalScreen$NativeHookThread enable
INFO: win_hook_event_proc [596]: Restarting Windows input hook on window event: 0X800C.

Mar 31, 2015 7:10:50 PM org.jnativehook.GlobalScreen$NativeHookThread enable
INFO: win_hook_event_proc [596]: Restarting Windows input hook on window event: 0X800C.

Mar 31, 2015 7:10:50 PM org.jnativehook.GlobalScreen$NativeHookThread enable
INFO: win_hook_event_proc [596]: Restarting Windows input hook on window event: 0X800C.

Mar 31, 2015 7:10:50 PM org.jnativehook.GlobalScreen$NativeHookThread enable
INFO: win_hook_event_proc [596]: Restarting Windows input hook on window event: 0X800C.

Mar 31, 2015 7:10:50 PM org.jnativehook.GlobalScreen$NativeHookThread enable
INFO: win_hook_event_proc [596]: Restarting Windows input hook on window event: 0X800C.

Mar 31, 2015 7:10:50 PM org.jnativehook.GlobalScreen$NativeHookThread enable
INFO: win_hook_event_proc [596]: Restarting Windows input hook on window event: 0X800C.

Mar 31, 2015 7:10:50 PM org.jnativehook.GlobalScreen$NativeHookThread enable
INFO: win_hook_event_proc [596]: Restarting Windows input hook on window event: 0X800C.

Mar 31, 2015 7:10:50 PM org.jnativehook.GlobalScreen$NativeHookThread enable
INFO: win_hook_event_proc [596]: Restarting Windows input hook on window event: 0X800C.

Mar 31, 2015 7:10:50 PM org.jnativehook.GlobalScreen$NativeHookThread enable
INFO: win_hook_event_proc [596]: Restarting Windows input hook on window event: 0X800C.

Mar 31, 2015 7:10:50 PM org.jnativehook.GlobalScreen$NativeHookThread enable
INFO: win_hook_event_proc [596]: Restarting Windows input hook on window event: 0X800C.

Mar 31, 2015 7:10:50 PM org.jnativehook.GlobalScreen$NativeHookThread enable
INFO: win_hook_event_proc [596]: Restarting Windows input hook on window event: 0X800C.

Mar 31, 2015 7:10:50 PM org.jnativehook.GlobalScreen$NativeHookThread enable
INFO: win_hook_event_proc [596]: Restarting Windows input hook on window event: 0X800C.

Mar 31, 2015 7:10:50 PM org.jnativehook.GlobalScreen$NativeHookThread enable
INFO: win_hook_event_proc [596]: Restarting Windows input hook on window event: 0X800C.

Mar 31, 2015 7:10:50 PM org.jnativehook.GlobalScreen$NativeHookThread enable
INFO: win_hook_event_proc [596]: Restarting Windows input hook on window event: 0X800C.

Mar 31, 2015 7:10:50 PM org.jnativehook.GlobalScreen$NativeHookThread enable
INFO: win_hook_event_proc [596]: Restarting Windows input hook on window event: 0X800C.

Mar 31, 2015 7:10:50 PM org.jnativehook.GlobalScreen$NativeHookThread enable
INFO: win_hook_event_proc [596]: Restarting Windows input hook on window event: 0X800C.

Mar 31, 2015 7:10:50 PM org.jnativehook.GlobalScreen$NativeHookThread enable
INFO: win_hook_event_proc [596]: Restarting Windows input hook on window event: 0X800C.

Mar 31, 2015 7:10:50 PM org.jnativehook.GlobalScreen$NativeHookThread enable
INFO: win_hook_event_proc [596]: Restarting Windows input hook on window event: 0X800C.

Mar 31, 2015 7:10:51 PM core.languageHandler.compiler.DynamicJavaCompiler compile
INFO: Successfully compiled class CustomAction
Mar 31, 2015 7:10:51 PM frontEnd.MainFrame <init>
INFO: Successfully intialized application
Mar 31, 2015 7:10:54 PM core.languageHandler.compiler.DynamicJavaCompiler compile
INFO: Successfully compiled class CustomAction
